<?xml version="1.0" encoding="UTF-8"?>
<!-- Generated by org.testng.reporters.JUnitXMLReporter -->
<testsuite ignored="0" hostname="PF25X3PS" failures="0" tests="4" name="Default test" time="9.532" errors="0" timestamp="2022-01-12T17:19:55 IST">
  <testcase classname="FlightBooking.EndToEndTest" name="homePageTest" time="5.658"/>
  <testcase classname="FlightBooking.EndToEndTest" name="chooseFlightTest" time="1.646"/>
  <testcase classname="FlightBooking.EndToEndTest" name="enterBookingDetails" time="1.944"/>
  <testcase classname="FlightBooking.EndToEndTest" name="confirmBooking" time="0.181"/>
</testsuite> <!-- Default test -->
