<?xml version="1.0" encoding="UTF-8"?>
<!-- Generated by org.testng.reporters.JUnitXMLReporter -->
<testsuite ignored="0" hostname="PF25X3PS" failures="0" tests="4" name="Default test" time="7.928" errors="0" timestamp="2022-01-12T17:17:47 IST">
  <testcase classname="FlightBooking.EndToEndTest" name="homePageTest" time="5.235"/>
  <testcase classname="FlightBooking.EndToEndTest" name="chooseFlightTest" time="0.804"/>
  <testcase classname="FlightBooking.EndToEndTest" name="enterBookingDetails" time="1.555"/>
  <testcase classname="FlightBooking.EndToEndTest" name="confirmBooking" time="0.229"/>
</testsuite> <!-- Default test -->
