<?xml version="1.0" encoding="UTF-8"?>
<testng-results ignored="0" total="3" passed="3" failed="0" skipped="0">
  <reporter-output>
  </reporter-output>
  <suite started-at="2022-01-12T16:53:15 IST" name="Default suite" finished-at="2022-01-12T16:53:24 IST" duration-ms="9087">
    <groups>
    </groups>
    <test started-at="2022-01-12T16:53:15 IST" name="Default test" finished-at="2022-01-12T16:53:24 IST" duration-ms="9087">
      <class name="FlightBooking.EndToEndTest">
        <test-method signature="homePageTest()[pri:0, instance:FlightBooking.EndToEndTest@2024293c]" started-at="2022-01-12T16:53:15 IST" name="homePageTest" finished-at="2022-01-12T16:53:22 IST" duration-ms="6983" status="PASS">
          <reporter-output>
          </reporter-output>
        </test-method> <!-- homePageTest -->
        <test-method signature="chooseFlightTest()[pri:1, instance:FlightBooking.EndToEndTest@2024293c]" started-at="2022-01-12T16:53:22 IST" name="chooseFlightTest" finished-at="2022-01-12T16:53:23 IST" duration-ms="682" status="PASS">
          <reporter-output>
          </reporter-output>
        </test-method> <!-- chooseFlightTest -->
        <test-method signature="enterBookingDetails()[pri:2, instance:FlightBooking.EndToEndTest@2024293c]" started-at="2022-01-12T16:53:23 IST" name="enterBookingDetails" finished-at="2022-01-12T16:53:24 IST" duration-ms="1348" status="PASS">
          <reporter-output>
          </reporter-output>
        </test-method> <!-- enterBookingDetails -->
      </class> <!-- FlightBooking.EndToEndTest -->
    </test> <!-- Default test -->
  </suite> <!-- Default suite -->
</testng-results>
