<?xml version="1.0" encoding="UTF-8"?>
<testng-results ignored="0" total="2" passed="2" failed="0" skipped="0">
  <reporter-output>
  </reporter-output>
  <suite started-at="2022-01-12T15:51:34 IST" name="Default suite" finished-at="2022-01-12T15:51:42 IST" duration-ms="7202">
    <groups>
    </groups>
    <test started-at="2022-01-12T15:51:34 IST" name="Default test" finished-at="2022-01-12T15:51:42 IST" duration-ms="7202">
      <class name="FlightBooking.EndToEndTest">
        <test-method signature="homePageTest()[pri:0, instance:FlightBooking.EndToEndTest@74455848]" started-at="2022-01-12T15:51:34 IST" name="homePageTest" finished-at="2022-01-12T15:51:41 IST" duration-ms="6439" status="PASS">
          <reporter-output>
          </reporter-output>
        </test-method> <!-- homePageTest -->
        <test-method signature="chooseFlightTest()[pri:1, instance:FlightBooking.EndToEndTest@74455848]" started-at="2022-01-12T15:51:41 IST" name="chooseFlightTest" finished-at="2022-01-12T15:51:42 IST" duration-ms="730" status="PASS">
          <reporter-output>
          </reporter-output>
        </test-method> <!-- chooseFlightTest -->
      </class> <!-- FlightBooking.EndToEndTest -->
    </test> <!-- Default test -->
  </suite> <!-- Default suite -->
</testng-results>
